[error] Failed to fetch Firebase Project from Studio Workspace because WORKSPACE_SLUG environment variable is empty
[error] Failed to fetch Firebase Project from Studio Workspace because WORKSPACE_SLUG environment variable is empty
[debug] [2026-01-31T08:28:16.386Z] > command requires scopes: ["email","openid","https://www.googleapis.com/auth/cloudplatformprojects.readonly","https://www.googleapis.com/auth/firebase","https://www.googleapis.com/auth/cloud-platform","https://www.googleapis.com/auth/userinfo.email"]
[debug] [2026-01-31T08:28:16.388Z] > authorizing via signed-in user (dyingbreed243@gmail.com)
[debug] [2026-01-31T08:28:16.393Z] Checked if tokens are valid: false, expires at: 1769845034626
[debug] [2026-01-31T08:28:16.400Z] Checked if tokens are valid: false, expires at: 1769845034626
[debug] [2026-01-31T08:28:16.403Z] > refreshing access token with scopes: []
[debug] [2026-01-31T08:28:16.417Z] >>> [apiv2][query] POST https://www.googleapis.com/oauth2/v3/token [none]
[debug] [2026-01-31T08:28:16.418Z] >>> [apiv2][body] POST https://www.googleapis.com/oauth2/v3/token [omitted]
[error] Failed to fetch Firebase Project from Studio Workspace because WORKSPACE_SLUG environment variable is empty
[error] Failed to fetch Firebase Project from Studio Workspace because WORKSPACE_SLUG environment variable is empty
[debug] [2026-01-31T08:28:16.433Z] > command requires scopes: ["email","openid","https://www.googleapis.com/auth/cloudplatformprojects.readonly","https://www.googleapis.com/auth/firebase","https://www.googleapis.com/auth/cloud-platform","https://www.googleapis.com/auth/userinfo.email"]
[debug] [2026-01-31T08:28:16.434Z] > authorizing via signed-in user (dyingbreed243@gmail.com)
[debug] [2026-01-31T08:28:16.434Z] Checked if tokens are valid: false, expires at: 1769845034626
[debug] [2026-01-31T08:28:16.435Z] Checked if tokens are valid: false, expires at: 1769845034626
[debug] [2026-01-31T08:28:16.435Z] > refreshing access token with scopes: []
[debug] [2026-01-31T08:28:16.436Z] >>> [apiv2][query] POST https://www.googleapis.com/oauth2/v3/token [none]
[debug] [2026-01-31T08:28:16.436Z] >>> [apiv2][body] POST https://www.googleapis.com/oauth2/v3/token [omitted]
[debug] [2026-01-31T08:28:16.615Z] <<< [apiv2][status] POST https://www.googleapis.com/oauth2/v3/token 200
[debug] [2026-01-31T08:28:16.621Z] <<< [apiv2][body] POST https://www.googleapis.com/oauth2/v3/token [omitted]
[debug] [2026-01-31T08:28:16.696Z] >>> [apiv2][query] GET https://cloudbilling.googleapis.com/v1/projects/studio-4627045237-a2fe9/billingInfo [none]
[debug] [2026-01-31T08:28:16.747Z] <<< [apiv2][status] POST https://www.googleapis.com/oauth2/v3/token 200
[debug] [2026-01-31T08:28:16.754Z] <<< [apiv2][body] POST https://www.googleapis.com/oauth2/v3/token [omitted]
[debug] [2026-01-31T08:28:16.792Z] >>> [apiv2][query] GET https://cloudbilling.googleapis.com/v1/projects/studio-4627045237-a2fe9/billingInfo [none]
[debug] [2026-01-31T08:28:16.937Z] <<< [apiv2][status] GET https://cloudbilling.googleapis.com/v1/projects/studio-4627045237-a2fe9/billingInfo 200
[debug] [2026-01-31T08:28:16.938Z] <<< [apiv2][body] GET https://cloudbilling.googleapis.com/v1/projects/studio-4627045237-a2fe9/billingInfo {"name":"projects/studio-4627045237-a2fe9/billingInfo","projectId":"studio-4627045237-a2fe9","billingAccountName":"billingAccounts/015BAA-845A69-2101D8","billingEnabled":true}
[debug] [2026-01-31T08:28:16.996Z] Checked if tokens are valid: true, expires at: 1769851695755
[debug] [2026-01-31T08:28:16.996Z] Checked if tokens are valid: true, expires at: 1769851695755
[debug] [2026-01-31T08:28:16.997Z] Checked if tokens are valid: true, expires at: 1769851695755
[debug] [2026-01-31T08:28:16.997Z] Checked if tokens are valid: true, expires at: 1769851695755
[debug] [2026-01-31T08:28:16.998Z] Checked if tokens are valid: true, expires at: 1769851695755
[debug] [2026-01-31T08:28:16.998Z] Checked if tokens are valid: true, expires at: 1769851695755
[debug] [2026-01-31T08:28:16.998Z] Checked if tokens are valid: true, expires at: 1769851695755
[debug] [2026-01-31T08:28:16.998Z] Checked if tokens are valid: true, expires at: 1769851695755
[debug] [2026-01-31T08:28:16.999Z] Checked if tokens are valid: true, expires at: 1769851695755
[debug] [2026-01-31T08:28:16.999Z] Checked if tokens are valid: true, expires at: 1769851695755
[debug] [2026-01-31T08:28:16.999Z] Checked if tokens are valid: true, expires at: 1769851695755
[debug] [2026-01-31T08:28:16.999Z] Checked if tokens are valid: true, expires at: 1769851695755
[debug] [2026-01-31T08:28:17.000Z] Checked if tokens are valid: true, expires at: 1769851695755
[debug] [2026-01-31T08:28:17.000Z] Checked if tokens are valid: true, expires at: 1769851695755
[debug] [2026-01-31T08:28:17.040Z] Checked if tokens are valid: true, expires at: 1769851695755
[debug] [2026-01-31T08:28:17.040Z] Checked if tokens are valid: true, expires at: 1769851695755
[debug] [2026-01-31T08:28:17.043Z] Checked if tokens are valid: true, expires at: 1769851695755
[debug] [2026-01-31T08:28:17.043Z] Checked if tokens are valid: true, expires at: 1769851695755
[debug] [2026-01-31T08:28:17.046Z] >>> [apiv2][query] GET https://serviceusage.googleapis.com/v1/projects/studio-4627045237-a2fe9/services/firestore.googleapis.com [none]
[debug] [2026-01-31T08:28:17.046Z] >>> [apiv2][(partial)header] GET https://serviceusage.googleapis.com/v1/projects/studio-4627045237-a2fe9/services/firestore.googleapis.com  x-goog-user-project=studio-4627045237-a2fe9
[debug] [2026-01-31T08:28:17.052Z] >>> [apiv2][query] GET https://serviceusage.googleapis.com/v1/projects/studio-4627045237-a2fe9/services/storage.googleapis.com [none]
[debug] [2026-01-31T08:28:17.052Z] >>> [apiv2][(partial)header] GET https://serviceusage.googleapis.com/v1/projects/studio-4627045237-a2fe9/services/storage.googleapis.com  x-goog-user-project=studio-4627045237-a2fe9
[debug] [2026-01-31T08:28:17.055Z] >>> [apiv2][query] GET https://serviceusage.googleapis.com/v1/projects/studio-4627045237-a2fe9/services/firebasedataconnect.googleapis.com [none]
[debug] [2026-01-31T08:28:17.055Z] >>> [apiv2][(partial)header] GET https://serviceusage.googleapis.com/v1/projects/studio-4627045237-a2fe9/services/firebasedataconnect.googleapis.com  x-goog-user-project=studio-4627045237-a2fe9
[debug] [2026-01-31T08:28:17.059Z] >>> [apiv2][query] GET https://serviceusage.googleapis.com/v1/projects/studio-4627045237-a2fe9/services/identitytoolkit.googleapis.com [none]
[debug] [2026-01-31T08:28:17.059Z] >>> [apiv2][(partial)header] GET https://serviceusage.googleapis.com/v1/projects/studio-4627045237-a2fe9/services/identitytoolkit.googleapis.com  x-goog-user-project=studio-4627045237-a2fe9
[debug] [2026-01-31T08:28:17.077Z] >>> [apiv2][query] GET https://serviceusage.googleapis.com/v1/projects/studio-4627045237-a2fe9/services/fcm.googleapis.com [none]
[debug] [2026-01-31T08:28:17.078Z] >>> [apiv2][(partial)header] GET https://serviceusage.googleapis.com/v1/projects/studio-4627045237-a2fe9/services/fcm.googleapis.com  x-goog-user-project=studio-4627045237-a2fe9
[debug] [2026-01-31T08:28:17.098Z] >>> [apiv2][query] GET https://serviceusage.googleapis.com/v1/projects/studio-4627045237-a2fe9/services/cloudfunctions.googleapis.com [none]
[debug] [2026-01-31T08:28:17.098Z] >>> [apiv2][(partial)header] GET https://serviceusage.googleapis.com/v1/projects/studio-4627045237-a2fe9/services/cloudfunctions.googleapis.com  x-goog-user-project=studio-4627045237-a2fe9
[debug] [2026-01-31T08:28:17.120Z] >>> [apiv2][query] GET https://serviceusage.googleapis.com/v1/projects/studio-4627045237-a2fe9/services/firebaseremoteconfig.googleapis.com [none]
[debug] [2026-01-31T08:28:17.120Z] >>> [apiv2][(partial)header] GET https://serviceusage.googleapis.com/v1/projects/studio-4627045237-a2fe9/services/firebaseremoteconfig.googleapis.com  x-goog-user-project=studio-4627045237-a2fe9
[debug] [2026-01-31T08:28:17.137Z] >>> [apiv2][query] GET https://serviceusage.googleapis.com/v1/projects/studio-4627045237-a2fe9/services/firebaseapphosting.googleapis.com [none]
[debug] [2026-01-31T08:28:17.138Z] >>> [apiv2][(partial)header] GET https://serviceusage.googleapis.com/v1/projects/studio-4627045237-a2fe9/services/firebaseapphosting.googleapis.com  x-goog-user-project=studio-4627045237-a2fe9
[debug] [2026-01-31T08:28:17.160Z] >>> [apiv2][query] GET https://serviceusage.googleapis.com/v1/projects/studio-4627045237-a2fe9/services/firebaseio.com [none]
[debug] [2026-01-31T08:28:17.162Z] >>> [apiv2][(partial)header] GET https://serviceusage.googleapis.com/v1/projects/studio-4627045237-a2fe9/services/firebaseio.com  x-goog-user-project=studio-4627045237-a2fe9
[debug] [2026-01-31T08:28:17.489Z] <<< [apiv2][status] GET https://cloudbilling.googleapis.com/v1/projects/studio-4627045237-a2fe9/billingInfo 200
[debug] [2026-01-31T08:28:17.489Z] <<< [apiv2][body] GET https://cloudbilling.googleapis.com/v1/projects/studio-4627045237-a2fe9/billingInfo {"name":"projects/studio-4627045237-a2fe9/billingInfo","projectId":"studio-4627045237-a2fe9","billingAccountName":"billingAccounts/015BAA-845A69-2101D8","billingEnabled":true}
[debug] [2026-01-31T08:28:17.497Z] Checked if tokens are valid: true, expires at: 1769851695755
[debug] [2026-01-31T08:28:17.497Z] Checked if tokens are valid: true, expires at: 1769851695755
[debug] [2026-01-31T08:28:17.498Z] Checked if tokens are valid: true, expires at: 1769851695755
[debug] [2026-01-31T08:28:17.498Z] Checked if tokens are valid: true, expires at: 1769851695755
[debug] [2026-01-31T08:28:17.498Z] Checked if tokens are valid: true, expires at: 1769851695755
[debug] [2026-01-31T08:28:17.498Z] Checked if tokens are valid: true, expires at: 1769851695755
[debug] [2026-01-31T08:28:17.498Z] Checked if tokens are valid: true, expires at: 1769851695755
[debug] [2026-01-31T08:28:17.499Z] Checked if tokens are valid: true, expires at: 1769851695755
[debug] [2026-01-31T08:28:17.499Z] Checked if tokens are valid: true, expires at: 1769851695755
[debug] [2026-01-31T08:28:17.499Z] Checked if tokens are valid: true, expires at: 1769851695755
[debug] [2026-01-31T08:28:17.516Z] Checked if tokens are valid: true, expires at: 1769851695755
[debug] [2026-01-31T08:28:17.516Z] Checked if tokens are valid: true, expires at: 1769851695755
[debug] [2026-01-31T08:28:17.519Z] Checked if tokens are valid: true, expires at: 1769851695755
[debug] [2026-01-31T08:28:17.520Z] Checked if tokens are valid: true, expires at: 1769851695755
[debug] [2026-01-31T08:28:17.564Z] Checked if tokens are valid: true, expires at: 1769851695755
[debug] [2026-01-31T08:28:17.564Z] Checked if tokens are valid: true, expires at: 1769851695755
[debug] [2026-01-31T08:28:17.565Z] Checked if tokens are valid: true, expires at: 1769851695755
[debug] [2026-01-31T08:28:17.565Z] Checked if tokens are valid: true, expires at: 1769851695755
[debug] [2026-01-31T08:28:17.566Z] >>> [apiv2][query] GET https://serviceusage.googleapis.com/v1/projects/studio-4627045237-a2fe9/services/firestore.googleapis.com [none]
[debug] [2026-01-31T08:28:17.566Z] >>> [apiv2][(partial)header] GET https://serviceusage.googleapis.com/v1/projects/studio-4627045237-a2fe9/services/firestore.googleapis.com  x-goog-user-project=studio-4627045237-a2fe9
[debug] [2026-01-31T08:28:17.569Z] >>> [apiv2][query] GET https://serviceusage.googleapis.com/v1/projects/studio-4627045237-a2fe9/services/storage.googleapis.com [none]
[debug] [2026-01-31T08:28:17.569Z] >>> [apiv2][(partial)header] GET https://serviceusage.googleapis.com/v1/projects/studio-4627045237-a2fe9/services/storage.googleapis.com  x-goog-user-project=studio-4627045237-a2fe9
[debug] [2026-01-31T08:28:17.572Z] >>> [apiv2][query] GET https://serviceusage.googleapis.com/v1/projects/studio-4627045237-a2fe9/services/firebasedataconnect.googleapis.com [none]
[debug] [2026-01-31T08:28:17.572Z] >>> [apiv2][(partial)header] GET https://serviceusage.googleapis.com/v1/projects/studio-4627045237-a2fe9/services/firebasedataconnect.googleapis.com  x-goog-user-project=studio-4627045237-a2fe9
[debug] [2026-01-31T08:28:17.573Z] >>> [apiv2][query] GET https://serviceusage.googleapis.com/v1/projects/studio-4627045237-a2fe9/services/identitytoolkit.googleapis.com [none]
[debug] [2026-01-31T08:28:17.573Z] >>> [apiv2][(partial)header] GET https://serviceusage.googleapis.com/v1/projects/studio-4627045237-a2fe9/services/identitytoolkit.googleapis.com  x-goog-user-project=studio-4627045237-a2fe9
[debug] [2026-01-31T08:28:17.574Z] >>> [apiv2][query] GET https://serviceusage.googleapis.com/v1/projects/studio-4627045237-a2fe9/services/fcm.googleapis.com [none]
[debug] [2026-01-31T08:28:17.574Z] >>> [apiv2][(partial)header] GET https://serviceusage.googleapis.com/v1/projects/studio-4627045237-a2fe9/services/fcm.googleapis.com  x-goog-user-project=studio-4627045237-a2fe9
[debug] [2026-01-31T08:28:17.575Z] >>> [apiv2][query] GET https://serviceusage.googleapis.com/v1/projects/studio-4627045237-a2fe9/services/cloudfunctions.googleapis.com [none]
[debug] [2026-01-31T08:28:17.575Z] >>> [apiv2][(partial)header] GET https://serviceusage.googleapis.com/v1/projects/studio-4627045237-a2fe9/services/cloudfunctions.googleapis.com  x-goog-user-project=studio-4627045237-a2fe9
[debug] [2026-01-31T08:28:17.575Z] >>> [apiv2][query] GET https://serviceusage.googleapis.com/v1/projects/studio-4627045237-a2fe9/services/firebaseremoteconfig.googleapis.com [none]
[debug] [2026-01-31T08:28:17.576Z] >>> [apiv2][(partial)header] GET https://serviceusage.googleapis.com/v1/projects/studio-4627045237-a2fe9/services/firebaseremoteconfig.googleapis.com  x-goog-user-project=studio-4627045237-a2fe9
[debug] [2026-01-31T08:28:17.576Z] >>> [apiv2][query] GET https://serviceusage.googleapis.com/v1/projects/studio-4627045237-a2fe9/services/firebaseapphosting.googleapis.com [none]
[debug] [2026-01-31T08:28:17.576Z] >>> [apiv2][(partial)header] GET https://serviceusage.googleapis.com/v1/projects/studio-4627045237-a2fe9/services/firebaseapphosting.googleapis.com  x-goog-user-project=studio-4627045237-a2fe9
[debug] [2026-01-31T08:28:17.577Z] >>> [apiv2][query] GET https://serviceusage.googleapis.com/v1/projects/studio-4627045237-a2fe9/services/firebaseio.com [none]
[debug] [2026-01-31T08:28:17.577Z] >>> [apiv2][(partial)header] GET https://serviceusage.googleapis.com/v1/projects/studio-4627045237-a2fe9/services/firebaseio.com  x-goog-user-project=studio-4627045237-a2fe9
[debug] [2026-01-31T08:28:17.725Z] <<< [apiv2][status] GET https://serviceusage.googleapis.com/v1/projects/studio-4627045237-a2fe9/services/firestore.googleapis.com 200
[debug] [2026-01-31T08:28:17.726Z] <<< [apiv2][body] GET https://serviceusage.googleapis.com/v1/projects/studio-4627045237-a2fe9/services/firestore.googleapis.com [omitted]
[debug] [2026-01-31T08:28:17.869Z] <<< [apiv2][status] GET https://serviceusage.googleapis.com/v1/projects/studio-4627045237-a2fe9/services/firebaseapphosting.googleapis.com 200
[debug] [2026-01-31T08:28:17.870Z] <<< [apiv2][body] GET https://serviceusage.googleapis.com/v1/projects/studio-4627045237-a2fe9/services/firebaseapphosting.googleapis.com [omitted]
[debug] [2026-01-31T08:28:17.881Z] <<< [apiv2][status] GET https://serviceusage.googleapis.com/v1/projects/studio-4627045237-a2fe9/services/firebasedataconnect.googleapis.com 200
[debug] [2026-01-31T08:28:17.882Z] <<< [apiv2][body] GET https://serviceusage.googleapis.com/v1/projects/studio-4627045237-a2fe9/services/firebasedataconnect.googleapis.com [omitted]
[debug] [2026-01-31T08:28:17.955Z] <<< [apiv2][status] GET https://serviceusage.googleapis.com/v1/projects/studio-4627045237-a2fe9/services/fcm.googleapis.com 200
[debug] [2026-01-31T08:28:17.956Z] <<< [apiv2][body] GET https://serviceusage.googleapis.com/v1/projects/studio-4627045237-a2fe9/services/fcm.googleapis.com [omitted]
[debug] [2026-01-31T08:28:18.046Z] <<< [apiv2][status] GET https://serviceusage.googleapis.com/v1/projects/studio-4627045237-a2fe9/services/firebaseio.com 403
[debug] [2026-01-31T08:28:18.051Z] <<< [apiv2][body] GET https://serviceusage.googleapis.com/v1/projects/studio-4627045237-a2fe9/services/firebaseio.com [omitted]
[debug] [2026-01-31T08:28:18.074Z] <<< [apiv2][status] GET https://serviceusage.googleapis.com/v1/projects/studio-4627045237-a2fe9/services/firebaseio.com 403
[debug] [2026-01-31T08:28:18.074Z] <<< [apiv2][body] GET https://serviceusage.googleapis.com/v1/projects/studio-4627045237-a2fe9/services/firebaseio.com [omitted]
[debug] [2026-01-31T08:28:18.096Z] <<< [apiv2][status] GET https://serviceusage.googleapis.com/v1/projects/studio-4627045237-a2fe9/services/identitytoolkit.googleapis.com 200
[debug] [2026-01-31T08:28:18.097Z] <<< [apiv2][body] GET https://serviceusage.googleapis.com/v1/projects/studio-4627045237-a2fe9/services/identitytoolkit.googleapis.com [omitted]
[debug] [2026-01-31T08:28:18.134Z] <<< [apiv2][status] GET https://serviceusage.googleapis.com/v1/projects/studio-4627045237-a2fe9/services/firebaseremoteconfig.googleapis.com 200
[debug] [2026-01-31T08:28:18.135Z] <<< [apiv2][body] GET https://serviceusage.googleapis.com/v1/projects/studio-4627045237-a2fe9/services/firebaseremoteconfig.googleapis.com [omitted]
[debug] [2026-01-31T08:28:18.164Z] <<< [apiv2][status] GET https://serviceusage.googleapis.com/v1/projects/studio-4627045237-a2fe9/services/fcm.googleapis.com 200
[debug] [2026-01-31T08:28:18.165Z] <<< [apiv2][body] GET https://serviceusage.googleapis.com/v1/projects/studio-4627045237-a2fe9/services/fcm.googleapis.com [omitted]
[debug] [2026-01-31T08:28:18.212Z] <<< [apiv2][status] GET https://serviceusage.googleapis.com/v1/projects/studio-4627045237-a2fe9/services/storage.googleapis.com 200
[debug] [2026-01-31T08:28:18.213Z] <<< [apiv2][body] GET https://serviceusage.googleapis.com/v1/projects/studio-4627045237-a2fe9/services/storage.googleapis.com [omitted]
[debug] [2026-01-31T08:28:18.247Z] <<< [apiv2][status] GET https://serviceusage.googleapis.com/v1/projects/studio-4627045237-a2fe9/services/cloudfunctions.googleapis.com 200
[debug] [2026-01-31T08:28:18.255Z] <<< [apiv2][body] GET https://serviceusage.googleapis.com/v1/projects/studio-4627045237-a2fe9/services/cloudfunctions.googleapis.com [omitted]
[debug] [2026-01-31T08:28:18.281Z] <<< [apiv2][status] GET https://serviceusage.googleapis.com/v1/projects/studio-4627045237-a2fe9/services/firebasedataconnect.googleapis.com 200
[debug] [2026-01-31T08:28:18.282Z] <<< [apiv2][body] GET https://serviceusage.googleapis.com/v1/projects/studio-4627045237-a2fe9/services/firebasedataconnect.googleapis.com [omitted]
[debug] [2026-01-31T08:28:18.331Z] <<< [apiv2][status] GET https://serviceusage.googleapis.com/v1/projects/studio-4627045237-a2fe9/services/firebaseremoteconfig.googleapis.com 200
[debug] [2026-01-31T08:28:18.332Z] <<< [apiv2][body] GET https://serviceusage.googleapis.com/v1/projects/studio-4627045237-a2fe9/services/firebaseremoteconfig.googleapis.com [omitted]
[debug] [2026-01-31T08:28:18.361Z] <<< [apiv2][status] GET https://serviceusage.googleapis.com/v1/projects/studio-4627045237-a2fe9/services/firebaseapphosting.googleapis.com 200
[debug] [2026-01-31T08:28:18.363Z] <<< [apiv2][body] GET https://serviceusage.googleapis.com/v1/projects/studio-4627045237-a2fe9/services/firebaseapphosting.googleapis.com [omitted]
[debug] [2026-01-31T08:28:18.375Z] <<< [apiv2][status] GET https://serviceusage.googleapis.com/v1/projects/studio-4627045237-a2fe9/services/storage.googleapis.com 200
[debug] [2026-01-31T08:28:18.376Z] <<< [apiv2][body] GET https://serviceusage.googleapis.com/v1/projects/studio-4627045237-a2fe9/services/storage.googleapis.com [omitted]
[debug] [2026-01-31T08:28:18.409Z] <<< [apiv2][status] GET https://serviceusage.googleapis.com/v1/projects/studio-4627045237-a2fe9/services/identitytoolkit.googleapis.com 200
[debug] [2026-01-31T08:28:18.411Z] <<< [apiv2][body] GET https://serviceusage.googleapis.com/v1/projects/studio-4627045237-a2fe9/services/identitytoolkit.googleapis.com [omitted]
[debug] [2026-01-31T08:28:18.453Z] <<< [apiv2][status] GET https://serviceusage.googleapis.com/v1/projects/studio-4627045237-a2fe9/services/cloudfunctions.googleapis.com 200
[debug] [2026-01-31T08:28:18.456Z] <<< [apiv2][body] GET https://serviceusage.googleapis.com/v1/projects/studio-4627045237-a2fe9/services/cloudfunctions.googleapis.com [omitted]
[debug] [2026-01-31T08:28:18.478Z] <<< [apiv2][status] GET https://serviceusage.googleapis.com/v1/projects/studio-4627045237-a2fe9/services/firestore.googleapis.com 200
[debug] [2026-01-31T08:28:18.478Z] <<< [apiv2][body] GET https://serviceusage.googleapis.com/v1/projects/studio-4627045237-a2fe9/services/firestore.googleapis.com [omitted]
[error] Failed to fetch Firebase Project from Studio Workspace because WORKSPACE_SLUG environment variable is empty
[error] Failed to fetch Firebase Project from Studio Workspace because WORKSPACE_SLUG environment variable is empty
[error] Failed to fetch Firebase Project from Studio Workspace because WORKSPACE_SLUG environment variable is empty
[debug] [2026-01-31T08:28:18.522Z] > command requires scopes: ["email","openid","https://www.googleapis.com/auth/cloudplatformprojects.readonly","https://www.googleapis.com/auth/firebase","https://www.googleapis.com/auth/cloud-platform","https://www.googleapis.com/auth/userinfo.email"]
[debug] [2026-01-31T08:28:18.528Z] > authorizing via signed-in user (dyingbreed243@gmail.com)
[debug] [2026-01-31T08:28:18.530Z] Checked if tokens are valid: true, expires at: 1769851695755
[debug] [2026-01-31T08:28:18.531Z] Checked if tokens are valid: true, expires at: 1769851695755
[debug] [2026-01-31T08:28:18.543Z] >>> [apiv2][query] GET https://cloudbilling.googleapis.com/v1/projects/studio-4627045237-a2fe9/billingInfo [none]
[debug] [2026-01-31T08:28:18.623Z] <<< [apiv2][status] GET https://cloudbilling.googleapis.com/v1/projects/studio-4627045237-a2fe9/billingInfo 200
[debug] [2026-01-31T08:28:18.624Z] <<< [apiv2][body] GET https://cloudbilling.googleapis.com/v1/projects/studio-4627045237-a2fe9/billingInfo {"name":"projects/studio-4627045237-a2fe9/billingInfo","projectId":"studio-4627045237-a2fe9","billingAccountName":"billingAccounts/015BAA-845A69-2101D8","billingEnabled":true}
[error] Failed to fetch Firebase Project from Studio Workspace because WORKSPACE_SLUG environment variable is empty
[debug] [2026-01-31T08:28:18.632Z] > command requires scopes: ["email","openid","https://www.googleapis.com/auth/cloudplatformprojects.readonly","https://www.googleapis.com/auth/firebase","https://www.googleapis.com/auth/cloud-platform","https://www.googleapis.com/auth/userinfo.email"]
[debug] [2026-01-31T08:28:18.632Z] > authorizing via signed-in user (dyingbreed243@gmail.com)
[error] Failed to fetch Firebase Project from Studio Workspace because WORKSPACE_SLUG environment variable is empty
[error] Failed to fetch Firebase Project from Studio Workspace because WORKSPACE_SLUG environment variable is empty
[error] Failed to fetch Firebase Project from Studio Workspace because WORKSPACE_SLUG environment variable is empty
[error] Failed to fetch Firebase Project from Studio Workspace because WORKSPACE_SLUG environment variable is empty
[debug] [2026-01-31T08:28:18.725Z] > command requires scopes: ["email","openid","https://www.googleapis.com/auth/cloudplatformprojects.readonly","https://www.googleapis.com/auth/firebase","https://www.googleapis.com/auth/cloud-platform","https://www.googleapis.com/auth/userinfo.email"]
[debug] [2026-01-31T08:28:18.725Z] > authorizing via signed-in user (dyingbreed243@gmail.com)
[debug] [2026-01-31T08:28:18.726Z] Checked if tokens are valid: true, expires at: 1769851695755
[debug] [2026-01-31T08:28:18.726Z] Checked if tokens are valid: true, expires at: 1769851695755
[debug] [2026-01-31T08:28:18.726Z] >>> [apiv2][query] GET https://cloudbilling.googleapis.com/v1/projects/studio-4627045237-a2fe9/billingInfo [none]
[error] Failed to fetch Firebase Project from Studio Workspace because WORKSPACE_SLUG environment variable is empty
[error] Failed to fetch Firebase Project from Studio Workspace because WORKSPACE_SLUG environment variable is empty
[debug] [2026-01-31T08:28:18.806Z] > command requires scopes: ["email","openid","https://www.googleapis.com/auth/cloudplatformprojects.readonly","https://www.googleapis.com/auth/firebase","https://www.googleapis.com/auth/cloud-platform","https://www.googleapis.com/auth/userinfo.email"]
[debug] [2026-01-31T08:28:18.806Z] > authorizing via signed-in user (dyingbreed243@gmail.com)
[debug] [2026-01-31T08:28:18.813Z] Checked if tokens are valid: true, expires at: 1769851695755
[debug] [2026-01-31T08:28:18.813Z] Checked if tokens are valid: true, expires at: 1769851695755
[debug] [2026-01-31T08:28:18.813Z] >>> [apiv2][query] GET https://cloudbilling.googleapis.com/v1/projects/studio-4627045237-a2fe9/billingInfo [none]
[debug] [2026-01-31T08:28:18.827Z] <<< [apiv2][status] GET https://cloudbilling.googleapis.com/v1/projects/studio-4627045237-a2fe9/billingInfo 200
[debug] [2026-01-31T08:28:18.828Z] <<< [apiv2][body] GET https://cloudbilling.googleapis.com/v1/projects/studio-4627045237-a2fe9/billingInfo {"name":"projects/studio-4627045237-a2fe9/billingInfo","projectId":"studio-4627045237-a2fe9","billingAccountName":"billingAccounts/015BAA-845A69-2101D8","billingEnabled":true}
[error] Failed to fetch Firebase Project from Studio Workspace because WORKSPACE_SLUG environment variable is empty
[debug] [2026-01-31T08:28:18.836Z] > command requires scopes: ["email","openid","https://www.googleapis.com/auth/cloudplatformprojects.readonly","https://www.googleapis.com/auth/firebase","https://www.googleapis.com/auth/cloud-platform","https://www.googleapis.com/auth/userinfo.email"]
[debug] [2026-01-31T08:28:18.836Z] > authorizing via signed-in user (dyingbreed243@gmail.com)
[debug] [2026-01-31T08:28:18.858Z] <<< [apiv2][status] GET https://cloudbilling.googleapis.com/v1/projects/studio-4627045237-a2fe9/billingInfo 200
[debug] [2026-01-31T08:28:18.858Z] <<< [apiv2][body] GET https://cloudbilling.googleapis.com/v1/projects/studio-4627045237-a2fe9/billingInfo {"name":"projects/studio-4627045237-a2fe9/billingInfo","projectId":"studio-4627045237-a2fe9","billingAccountName":"billingAccounts/015BAA-845A69-2101D8","billingEnabled":true}
[error] Failed to fetch Firebase Project from Studio Workspace because WORKSPACE_SLUG environment variable is empty
[debug] [2026-01-31T08:28:18.870Z] > command requires scopes: ["email","openid","https://www.googleapis.com/auth/cloudplatformprojects.readonly","https://www.googleapis.com/auth/firebase","https://www.googleapis.com/auth/cloud-platform","https://www.googleapis.com/auth/userinfo.email"]
[debug] [2026-01-31T08:28:18.870Z] > authorizing via signed-in user (dyingbreed243@gmail.com)
[error] Failed to fetch Firebase Project from Studio Workspace because WORKSPACE_SLUG environment variable is empty
[error] Failed to fetch Firebase Project from Studio Workspace because WORKSPACE_SLUG environment variable is empty
[error] Failed to fetch Firebase Project from Studio Workspace because WORKSPACE_SLUG environment variable is empty
[error] Failed to fetch Firebase Project from Studio Workspace because WORKSPACE_SLUG environment variable is empty
[debug] [2026-01-31T15:50:44.913Z] > command requires scopes: ["email","openid","https://www.googleapis.com/auth/cloudplatformprojects.readonly","https://www.googleapis.com/auth/firebase","https://www.googleapis.com/auth/cloud-platform","https://www.googleapis.com/auth/userinfo.email"]
[debug] [2026-01-31T15:50:44.915Z] > authorizing via signed-in user (dyingbreed243@gmail.com)
[debug] [2026-01-31T15:50:44.917Z] Checked if tokens are valid: false, expires at: 1769851695755
[debug] [2026-01-31T15:50:44.918Z] Checked if tokens are valid: false, expires at: 1769851695755
[debug] [2026-01-31T15:50:44.919Z] > refreshing access token with scopes: []
[debug] [2026-01-31T15:50:44.924Z] >>> [apiv2][query] POST https://www.googleapis.com/oauth2/v3/token [none]
[debug] [2026-01-31T15:50:44.925Z] >>> [apiv2][body] POST https://www.googleapis.com/oauth2/v3/token [omitted]
[debug] [2026-01-31T15:50:44.932Z] > command requires scopes: ["email","openid","https://www.googleapis.com/auth/cloudplatformprojects.readonly","https://www.googleapis.com/auth/firebase","https://www.googleapis.com/auth/cloud-platform","https://www.googleapis.com/auth/userinfo.email"]
[debug] [2026-01-31T15:50:44.932Z] > authorizing via signed-in user (dyingbreed243@gmail.com)
[debug] [2026-01-31T15:50:44.933Z] Checked if tokens are valid: false, expires at: 1769851695755
[debug] [2026-01-31T15:50:44.933Z] Checked if tokens are valid: false, expires at: 1769851695755
[debug] [2026-01-31T15:50:44.934Z] > refreshing access token with scopes: []
[debug] [2026-01-31T15:50:44.935Z] >>> [apiv2][query] POST https://www.googleapis.com/oauth2/v3/token [none]
[debug] [2026-01-31T15:50:44.935Z] >>> [apiv2][body] POST https://www.googleapis.com/oauth2/v3/token [omitted]
[debug] [2026-01-31T15:50:45.060Z] <<< [apiv2][status] POST https://www.googleapis.com/oauth2/v3/token 200
[debug] [2026-01-31T15:50:45.065Z] <<< [apiv2][body] POST https://www.googleapis.com/oauth2/v3/token [omitted]
[debug] [2026-01-31T15:50:45.106Z] >>> [apiv2][query] GET https://cloudbilling.googleapis.com/v1/projects/studio-4627045237-a2fe9/billingInfo [none]
[debug] [2026-01-31T15:50:45.149Z] <<< [apiv2][status] POST https://www.googleapis.com/oauth2/v3/token 200
[debug] [2026-01-31T15:50:45.149Z] <<< [apiv2][body] POST https://www.googleapis.com/oauth2/v3/token [omitted]
[debug] [2026-01-31T15:50:45.191Z] >>> [apiv2][query] GET https://cloudbilling.googleapis.com/v1/projects/studio-4627045237-a2fe9/billingInfo [none]
[debug] [2026-01-31T15:50:45.297Z] <<< [apiv2][status] GET https://cloudbilling.googleapis.com/v1/projects/studio-4627045237-a2fe9/billingInfo 200
[debug] [2026-01-31T15:50:45.315Z] <<< [apiv2][body] GET https://cloudbilling.googleapis.com/v1/projects/studio-4627045237-a2fe9/billingInfo {"name":"projects/studio-4627045237-a2fe9/billingInfo","projectId":"studio-4627045237-a2fe9","billingAccountName":"billingAccounts/015BAA-845A69-2101D8","billingEnabled":true}
[debug] [2026-01-31T15:50:45.442Z] Checked if tokens are valid: true, expires at: 1769878244150
[debug] [2026-01-31T15:50:45.443Z] Checked if tokens are valid: true, expires at: 1769878244150
[debug] [2026-01-31T15:50:45.444Z] Checked if tokens are valid: true, expires at: 1769878244150
[debug] [2026-01-31T15:50:45.444Z] Checked if tokens are valid: true, expires at: 1769878244150
[debug] [2026-01-31T15:50:45.445Z] >>> [apiv2][query] GET https://serviceusage.googleapis.com/v1/projects/studio-4627045237-a2fe9/services/firebaseapphosting.googleapis.com [none]
[debug] [2026-01-31T15:50:45.445Z] >>> [apiv2][(partial)header] GET https://serviceusage.googleapis.com/v1/projects/studio-4627045237-a2fe9/services/firebaseapphosting.googleapis.com  x-goog-user-project=studio-4627045237-a2fe9
[debug] [2026-01-31T15:50:45.450Z] >>> [apiv2][query] GET https://serviceusage.googleapis.com/v1/projects/studio-4627045237-a2fe9/services/firebaseio.com [none]
[debug] [2026-01-31T15:50:45.450Z] >>> [apiv2][(partial)header] GET https://serviceusage.googleapis.com/v1/projects/studio-4627045237-a2fe9/services/firebaseio.com  x-goog-user-project=studio-4627045237-a2fe9
[debug] [2026-01-31T15:50:45.637Z] <<< [apiv2][status] GET https://cloudbilling.googleapis.com/v1/projects/studio-4627045237-a2fe9/billingInfo 200
[debug] [2026-01-31T15:50:45.639Z] <<< [apiv2][body] GET https://cloudbilling.googleapis.com/v1/projects/studio-4627045237-a2fe9/billingInfo {"name":"projects/studio-4627045237-a2fe9/billingInfo","projectId":"studio-4627045237-a2fe9","billingAccountName":"billingAccounts/015BAA-845A69-2101D8","billingEnabled":true}
[debug] [2026-01-31T15:50:45.698Z] Checked if tokens are valid: true, expires at: 1769878244150
[debug] [2026-01-31T15:50:45.699Z] Checked if tokens are valid: true, expires at: 1769878244150
[debug] [2026-01-31T15:50:45.700Z] Checked if tokens are valid: true, expires at: 1769878244150
[debug] [2026-01-31T15:50:45.704Z] Checked if tokens are valid: true, expires at: 1769878244150
[debug] [2026-01-31T15:50:45.705Z] >>> [apiv2][query] GET https://serviceusage.googleapis.com/v1/projects/studio-4627045237-a2fe9/services/firebaseapphosting.googleapis.com [none]
[debug] [2026-01-31T15:50:45.706Z] >>> [apiv2][(partial)header] GET https://serviceusage.googleapis.com/v1/projects/studio-4627045237-a2fe9/services/firebaseapphosting.googleapis.com  x-goog-user-project=studio-4627045237-a2fe9
[debug] [2026-01-31T15:50:45.710Z] >>> [apiv2][query] GET https://serviceusage.googleapis.com/v1/projects/studio-4627045237-a2fe9/services/firebaseio.com [none]
[debug] [2026-01-31T15:50:45.710Z] >>> [apiv2][(partial)header] GET https://serviceusage.googleapis.com/v1/projects/studio-4627045237-a2fe9/services/firebaseio.com  x-goog-user-project=studio-4627045237-a2fe9
[debug] [2026-01-31T15:50:45.715Z] <<< [apiv2][status] GET https://serviceusage.googleapis.com/v1/projects/studio-4627045237-a2fe9/services/firebaseio.com 403
[debug] [2026-01-31T15:50:45.716Z] <<< [apiv2][body] GET https://serviceusage.googleapis.com/v1/projects/studio-4627045237-a2fe9/services/firebaseio.com [omitted]
[debug] [2026-01-31T15:50:45.826Z] <<< [apiv2][status] GET https://serviceusage.googleapis.com/v1/projects/studio-4627045237-a2fe9/services/firebaseapphosting.googleapis.com 200
[debug] [2026-01-31T15:50:45.841Z] <<< [apiv2][body] GET https://serviceusage.googleapis.com/v1/projects/studio-4627045237-a2fe9/services/firebaseapphosting.googleapis.com [omitted]
[error] Failed to fetch Firebase Project from Studio Workspace because WORKSPACE_SLUG environment variable is empty
[error] Failed to fetch Firebase Project from Studio Workspace because WORKSPACE_SLUG environment variable is empty
[error] Failed to fetch Firebase Project from Studio Workspace because WORKSPACE_SLUG environment variable is empty
[debug] [2026-01-31T15:50:45.899Z] > command requires scopes: ["email","openid","https://www.googleapis.com/auth/cloudplatformprojects.readonly","https://www.googleapis.com/auth/firebase","https://www.googleapis.com/auth/cloud-platform","https://www.googleapis.com/auth/userinfo.email"]
[debug] [2026-01-31T15:50:45.900Z] > authorizing via signed-in user (dyingbreed243@gmail.com)
[debug] [2026-01-31T15:50:45.914Z] Checked if tokens are valid: true, expires at: 1769878244150
[debug] [2026-01-31T15:50:45.915Z] Checked if tokens are valid: true, expires at: 1769878244150
[debug] [2026-01-31T15:50:45.915Z] >>> [apiv2][query] GET https://cloudbilling.googleapis.com/v1/projects/studio-4627045237-a2fe9/billingInfo [none]
[debug] [2026-01-31T15:50:45.976Z] <<< [apiv2][status] GET https://serviceusage.googleapis.com/v1/projects/studio-4627045237-a2fe9/services/firebaseio.com 403
[debug] [2026-01-31T15:50:45.976Z] <<< [apiv2][body] GET https://serviceusage.googleapis.com/v1/projects/studio-4627045237-a2fe9/services/firebaseio.com [omitted]
[debug] [2026-01-31T15:50:46.036Z] <<< [apiv2][status] GET https://serviceusage.googleapis.com/v1/projects/studio-4627045237-a2fe9/services/firebaseapphosting.googleapis.com 200
[debug] [2026-01-31T15:50:46.037Z] <<< [apiv2][body] GET https://serviceusage.googleapis.com/v1/projects/studio-4627045237-a2fe9/services/firebaseapphosting.googleapis.com [omitted]
[debug] [2026-01-31T15:50:46.047Z] <<< [apiv2][status] GET https://cloudbilling.googleapis.com/v1/projects/studio-4627045237-a2fe9/billingInfo 200
[debug] [2026-01-31T15:50:46.047Z] <<< [apiv2][body] GET https://cloudbilling.googleapis.com/v1/projects/studio-4627045237-a2fe9/billingInfo {"name":"projects/studio-4627045237-a2fe9/billingInfo","projectId":"studio-4627045237-a2fe9","billingAccountName":"billingAccounts/015BAA-845A69-2101D8","billingEnabled":true}
[error] Failed to fetch Firebase Project from Studio Workspace because WORKSPACE_SLUG environment variable is empty
[debug] [2026-01-31T15:50:46.073Z] > command requires scopes: ["email","openid","https://www.googleapis.com/auth/cloudplatformprojects.readonly","https://www.googleapis.com/auth/firebase","https://www.googleapis.com/auth/cloud-platform","https://www.googleapis.com/auth/userinfo.email"]
[debug] [2026-01-31T15:50:46.074Z] > authorizing via signed-in user (dyingbreed243@gmail.com)
[error] Failed to fetch Firebase Project from Studio Workspace because WORKSPACE_SLUG environment variable is empty
[error] Failed to fetch Firebase Project from Studio Workspace because WORKSPACE_SLUG environment variable is empty
[error] Failed to fetch Firebase Project from Studio Workspace because WORKSPACE_SLUG environment variable is empty
[error] Failed to fetch Firebase Project from Studio Workspace because WORKSPACE_SLUG environment variable is empty
[debug] [2026-01-31T15:50:46.238Z] > command requires scopes: ["email","openid","https://www.googleapis.com/auth/cloudplatformprojects.readonly","https://www.googleapis.com/auth/firebase","https://www.googleapis.com/auth/cloud-platform","https://www.googleapis.com/auth/userinfo.email"]
[debug] [2026-01-31T15:50:46.238Z] > authorizing via signed-in user (dyingbreed243@gmail.com)
[debug] [2026-01-31T15:50:46.239Z] Checked if tokens are valid: true, expires at: 1769878244150
[debug] [2026-01-31T15:50:46.239Z] Checked if tokens are valid: true, expires at: 1769878244150
[debug] [2026-01-31T15:50:46.239Z] >>> [apiv2][query] GET https://cloudbilling.googleapis.com/v1/projects/studio-4627045237-a2fe9/billingInfo [none]
[error] Failed to fetch Firebase Project from Studio Workspace because WORKSPACE_SLUG environment variable is empty
[error] Failed to fetch Firebase Project from Studio Workspace because WORKSPACE_SLUG environment variable is empty
[debug] [2026-01-31T15:50:46.288Z] > command requires scopes: ["email","openid","https://www.googleapis.com/auth/cloudplatformprojects.readonly","https://www.googleapis.com/auth/firebase","https://www.googleapis.com/auth/cloud-platform","https://www.googleapis.com/auth/userinfo.email"]
[debug] [2026-01-31T15:50:46.290Z] > authorizing via signed-in user (dyingbreed243@gmail.com)
[debug] [2026-01-31T15:50:46.291Z] Checked if tokens are valid: true, expires at: 1769878244150
[debug] [2026-01-31T15:50:46.291Z] Checked if tokens are valid: true, expires at: 1769878244150
[debug] [2026-01-31T15:50:46.292Z] >>> [apiv2][query] GET https://cloudbilling.googleapis.com/v1/projects/studio-4627045237-a2fe9/billingInfo [none]
[debug] [2026-01-31T15:50:46.320Z] <<< [apiv2][status] GET https://cloudbilling.googleapis.com/v1/projects/studio-4627045237-a2fe9/billingInfo 200
[debug] [2026-01-31T15:50:46.320Z] <<< [apiv2][body] GET https://cloudbilling.googleapis.com/v1/projects/studio-4627045237-a2fe9/billingInfo {"name":"projects/studio-4627045237-a2fe9/billingInfo","projectId":"studio-4627045237-a2fe9","billingAccountName":"billingAccounts/015BAA-845A69-2101D8","billingEnabled":true}
[error] Failed to fetch Firebase Project from Studio Workspace because WORKSPACE_SLUG environment variable is empty
[debug] [2026-01-31T15:50:46.342Z] > command requires scopes: ["email","openid","https://www.googleapis.com/auth/cloudplatformprojects.readonly","https://www.googleapis.com/auth/firebase","https://www.googleapis.com/auth/cloud-platform","https://www.googleapis.com/auth/userinfo.email"]
[debug] [2026-01-31T15:50:46.342Z] > authorizing via signed-in user (dyingbreed243@gmail.com)
[debug] [2026-01-31T15:50:46.387Z] <<< [apiv2][status] GET https://cloudbilling.googleapis.com/v1/projects/studio-4627045237-a2fe9/billingInfo 200
[debug] [2026-01-31T15:50:46.387Z] <<< [apiv2][body] GET https://cloudbilling.googleapis.com/v1/projects/studio-4627045237-a2fe9/billingInfo {"name":"projects/studio-4627045237-a2fe9/billingInfo","projectId":"studio-4627045237-a2fe9","billingAccountName":"billingAccounts/015BAA-845A69-2101D8","billingEnabled":true}
[error] Failed to fetch Firebase Project from Studio Workspace because WORKSPACE_SLUG environment variable is empty
[debug] [2026-01-31T15:50:46.404Z] > command requires scopes: ["email","openid","https://www.googleapis.com/auth/cloudplatformprojects.readonly","https://www.googleapis.com/auth/firebase","https://www.googleapis.com/auth/cloud-platform","https://www.googleapis.com/auth/userinfo.email"]
[debug] [2026-01-31T15:50:46.407Z] > authorizing via signed-in user (dyingbreed243@gmail.com)
[error] Failed to fetch Firebase Project from Studio Workspace because WORKSPACE_SLUG environment variable is empty
[error] Failed to fetch Firebase Project from Studio Workspace because WORKSPACE_SLUG environment variable is empty
[debug] [2026-01-31T15:51:42.201Z] > command requires scopes: ["email","openid","https://www.googleapis.com/auth/cloudplatformprojects.readonly","https://www.googleapis.com/auth/firebase","https://www.googleapis.com/auth/cloud-platform","https://www.googleapis.com/auth/userinfo.email"]
[debug] [2026-01-31T15:51:42.201Z] > authorizing via signed-in user (dyingbreed243@gmail.com)
[debug] [2026-01-31T15:51:42.201Z] Checked if tokens are valid: true, expires at: 1769878244150
[debug] [2026-01-31T15:51:42.201Z] Checked if tokens are valid: true, expires at: 1769878244150
[debug] [2026-01-31T15:51:42.202Z] >>> [apiv2][query] GET https://cloudbilling.googleapis.com/v1/projects/studio-4627045237-a2fe9/billingInfo [none]
[debug] [2026-01-31T15:51:42.306Z] <<< [apiv2][status] GET https://cloudbilling.googleapis.com/v1/projects/studio-4627045237-a2fe9/billingInfo 200
[debug] [2026-01-31T15:51:42.309Z] <<< [apiv2][body] GET https://cloudbilling.googleapis.com/v1/projects/studio-4627045237-a2fe9/billingInfo {"name":"projects/studio-4627045237-a2fe9/billingInfo","projectId":"studio-4627045237-a2fe9","billingAccountName":"billingAccounts/015BAA-845A69-2101D8","billingEnabled":true}
[error] Failed to fetch Firebase Project from Studio Workspace because WORKSPACE_SLUG environment variable is empty
[error] Failed to fetch Firebase Project from Studio Workspace because WORKSPACE_SLUG environment variable is empty
[debug] [2026-01-31T15:51:42.334Z] > command requires scopes: ["email","openid","https://www.googleapis.com/auth/cloudplatformprojects.readonly","https://www.googleapis.com/auth/firebase","https://www.googleapis.com/auth/cloud-platform","https://www.googleapis.com/auth/userinfo.email"]
[debug] [2026-01-31T15:51:42.334Z] > authorizing via signed-in user (dyingbreed243@gmail.com)
[debug] [2026-01-31T15:51:42.337Z] Checked if tokens are valid: true, expires at: 1769878244150
[debug] [2026-01-31T15:51:42.337Z] Checked if tokens are valid: true, expires at: 1769878244150
[debug] [2026-01-31T15:51:42.340Z] >>> [apiv2][query] GET https://cloudbilling.googleapis.com/v1/projects/studio-4627045237-a2fe9/billingInfo [none]
[debug] [2026-01-31T15:51:42.404Z] <<< [apiv2][status] GET https://cloudbilling.googleapis.com/v1/projects/studio-4627045237-a2fe9/billingInfo 200
[debug] [2026-01-31T15:51:42.408Z] <<< [apiv2][body] GET https://cloudbilling.googleapis.com/v1/projects/studio-4627045237-a2fe9/billingInfo {"name":"projects/studio-4627045237-a2fe9/billingInfo","projectId":"studio-4627045237-a2fe9","billingAccountName":"billingAccounts/015BAA-845A69-2101D8","billingEnabled":true}
[info] 
=== Hosting Setup Actuation
[info] ✔  Wrote dist/404.html 
[debug] [2026-01-31T15:51:42.424Z] >>> [apiv2][query] GET https://www.gstatic.com/firebasejs/releases.json [none]
[debug] [2026-01-31T15:51:42.494Z] <<< [apiv2][status] GET https://www.gstatic.com/firebasejs/releases.json 200
[debug] [2026-01-31T15:51:42.499Z] <<< [apiv2][body] GET https://www.gstatic.com/firebasejs/releases.json {"current":{"version":"12.8.0","browserURL":"https://www.gstatic.com/firebasejs/12.8.0/firebase.js","packageURL":"https://www.gstatic.com/firebasejs/12.8.0/firebase.tgz"},"live":{"version":"12.8","browserURL":"https://www.gstatic.com/firebasejs/live/12.8/firebase.js","packageURL":"https://www.gstatic.com/firebasejs/live/12.8/firebase.tgz"},"components":{"ai":"https://www.gstatic.com/firebasejs/12.8.0/firebase-ai.js","analytics":"https://www.gstatic.com/firebasejs/12.8.0/firebase-analytics.js","app":"https://www.gstatic.com/firebasejs/12.8.0/firebase-app.js","app-check":"https://www.gstatic.com/firebasejs/12.8.0/firebase-app-check.js","auth":"https://www.gstatic.com/firebasejs/12.8.0/firebase-auth.js","auth/cordova":"https://www.gstatic.com/firebasejs/12.8.0/firebase-auth/cordova.js","auth/web-extension":"https://www.gstatic.com/firebasejs/12.8.0/firebase-auth/web-extension.js","functions":"https://www.gstatic.com/firebasejs/12.8.0/firebase-functions.js","firestore":"https://www.gstatic.com/firebasejs/12.8.0/firebase-firestore.js","firestore/lite":"https://www.gstatic.com/firebasejs/12.8.0/firebase-firestore/lite.js","firestore/pipelines":"https://www.gstatic.com/firebasejs/12.8.0/firebase-firestore/pipelines.js","firestore/lite/pipelines":"https://www.gstatic.com/firebasejs/12.8.0/firebase-firestore/lite/pipelines.js","installations":"https://www.gstatic.com/firebasejs/12.8.0/firebase-installations.js","storage":"https://www.gstatic.com/firebasejs/12.8.0/firebase-storage.js","performance":"https://www.gstatic.com/firebasejs/12.8.0/firebase-performance.js","remote-config":"https://www.gstatic.com/firebasejs/12.8.0/firebase-remote-config.js","messaging":"https://www.gstatic.com/firebasejs/12.8.0/firebase-messaging.js","messaging/sw":"https://www.gstatic.com/firebasejs/12.8.0/firebase-messaging/sw.js","database":"https://www.gstatic.com/firebasejs/12.8.0/firebase-database.js","data-connect":"https://www.gstatic.com/firebasejs/12.8.0/firebase-data-connect.js","firestore.memory":"https://www.gstatic.com/firebasejs/12.8.0/firebase-firestore.memory.js"}}
[info] ✔  Wrote dist/index.html 
[info] ✔  Wrote configuration info to firebase.json 
[info] ✔  Wrote project information to .firebaserc 
